Stream démarré
Stream arrêté
Utilisateur hashirama (ID 2) promu administrateur
Notification 1 marquée comme lue
Notification 1 marquée comme lue
Notification 1 supprimée
Notification non trouvée ou accès non autorisé: 1
Notification non trouvée ou accès non autorisé: 1
Notification non trouvée ou accès non autorisé: 1
Stream démarré
Notification 2 marquée comme lue
Notification 2 marquée comme lue
Notification 2 supprimée
Notification non trouvée ou accès non autorisé: 2
Notification non trouvée ou accès non autorisé: 2
Aucun stream actif
Stream démarré
Notification 3 marquée comme lue
Notification 3 marquée comme lue
Notification 3 supprimée
Notification ID 3 non trouvée
Notification ID 3 non trouvée
Stream démarré
Notification 4 marquée comme lue
Stream arrêté
Utilisateur Senzu (ID 7) promu administrateur
Stream démarré
Enregistrement démarré
Enregistrement arrêté
Vidéos récupérées: ['1754374168_Youssoupha_feat_Kery_James___LFDV_-_La_Vie_Est_Belle_-_Paroles__Officiel_(360p).mp4', '1753459991_Hijery_Anao_-_Ambondrona_✅(360p).mp4', 'recording_20250805_145138.mp4']
Fichier uploadé: 1754394743_Youssoupha_-_Macadam(360p).mp4
Vidéos récupérées: ['1754374168_Youssoupha_feat_Kery_James___LFDV_-_La_Vie_Est_Belle_-_Paroles__Officiel_(360p).mp4', '1753459991_Hijery_Anao_-_Ambondrona_✅(360p).mp4', 'recording_20250805_145138.mp4', '1754394743_Youssoupha_-_Macadam(360p).mp4']
Fichier uploadé: 1754394745_Youssoupha_-_Macadam(360p).mp4
Vidéos récupérées: ['1754374168_Youssoupha_feat_Kery_James___LFDV_-_La_Vie_Est_Belle_-_Paroles__Officiel_(360p).mp4', '1753459991_Hijery_Anao_-_Ambondrona_✅(360p).mp4', '1754394745_Youssoupha_-_Macadam(360p).mp4', 'recording_20250805_145138.mp4', '1754394743_Youssoupha_-_Macadam(360p).mp4']
Stream déjà actif
Stream déjà actif
Stream arrêté
Aucun fichier fourni
Stream démarré
Stream arrêté
Notification 2 supprimée
Notification ID 2 non trouvée
Stream démarré
Stream arrêté
Stream démarré
Stream arrêté
Stream démarré
Enregistrement démarré
Enregistrement arrêté
Vidéos récupérées: ['1753459991_Hijery_Anao_-_Ambondrona_✅(360p).mp4', 'recording_20250805_151341.mp4']
Stream arrêté
Stream démarré
Stream arrêté
